0 info it worked if it ends with ok
1 verbose cli [ 'node', '/usr/local/bin/npm', 'install', 'mogoose' ]
2 info using npm@2.10.1
3 info using node@v0.12.4
4 verbose install initial load of /Users/zyg/Documents/nomiwan_animation_robot/package.json
5 warn package.json application-name@0.0.1 No description
6 warn package.json application-name@0.0.1 No repository field.
7 warn package.json application-name@0.0.1 No README data
8 warn package.json application-name@0.0.1 No license field.
9 verbose readDependencies loading dependencies from /Users/zyg/Documents/nomiwan_animation_robot/package.json
10 silly cache add args [ 'mogoose', null ]
11 verbose cache add spec mogoose
12 silly cache add parsed spec { raw: 'mogoose',
12 silly cache add   scope: null,
12 silly cache add   name: 'mogoose',
12 silly cache add   rawSpec: '',
12 silly cache add   spec: '*',
12 silly cache add   type: 'range' }
13 silly addNamed mogoose@*
14 verbose addNamed "*" is a valid semver range for mogoose
15 silly addNameRange { name: 'mogoose', range: '*', hasData: false }
16 silly mapToRegistry name mogoose
17 silly mapToRegistry using default registry
18 silly mapToRegistry registry https://registry.npmjs.org/
19 silly mapToRegistry uri https://registry.npmjs.org/mogoose
20 verbose addNameRange registry:https://registry.npmjs.org/mogoose not in flight; fetching
21 verbose request uri https://registry.npmjs.org/mogoose
22 verbose request no auth needed
23 info attempt registry request try #1 at 6:08:41 PM
24 verbose request id 7e68ef2e091eb960
25 http request GET https://registry.npmjs.org/mogoose
26 http 404 https://registry.npmjs.org/mogoose
27 verbose headers { server: 'CouchDB/1.5.0 (Erlang OTP/R16B03)',
27 verbose headers   'content-type': 'application/json',
27 verbose headers   'cache-control': 'max-age=0',
27 verbose headers   'content-length': '51',
27 verbose headers   'accept-ranges': 'bytes',
27 verbose headers   date: 'Mon, 01 Jun 2015 10:08:43 GMT',
27 verbose headers   via: '1.1 varnish',
27 verbose headers   age: '0',
27 verbose headers   connection: 'keep-alive',
27 verbose headers   'x-served-by': 'cache-fra1230-FRA',
27 verbose headers   'x-cache': 'MISS',
27 verbose headers   'x-cache-hits': '0',
27 verbose headers   'x-timer': 'S1433153322.677958,VS0,VE710' }
28 silly get cb [ 404,
28 silly get   { server: 'CouchDB/1.5.0 (Erlang OTP/R16B03)',
28 silly get     'content-type': 'application/json',
28 silly get     'cache-control': 'max-age=0',
28 silly get     'content-length': '51',
28 silly get     'accept-ranges': 'bytes',
28 silly get     date: 'Mon, 01 Jun 2015 10:08:43 GMT',
28 silly get     via: '1.1 varnish',
28 silly get     age: '0',
28 silly get     connection: 'keep-alive',
28 silly get     'x-served-by': 'cache-fra1230-FRA',
28 silly get     'x-cache': 'MISS',
28 silly get     'x-cache-hits': '0',
28 silly get     'x-timer': 'S1433153322.677958,VS0,VE710' } ]
29 verbose stack Error: 404 Not Found: mogoose
29 verbose stack     at CachingRegistryClient.<anonymous> (/usr/local/lib/node_modules/npm/node_modules/npm-registry-client/lib/request.js:245:14)
29 verbose stack     at Request._callback (/usr/local/lib/node_modules/npm/node_modules/npm-registry-client/lib/request.js:170:14)
29 verbose stack     at Request.self.callback (/usr/local/lib/node_modules/npm/node_modules/request/request.js:368:22)
29 verbose stack     at Request.emit (events.js:110:17)
29 verbose stack     at Request.<anonymous> (/usr/local/lib/node_modules/npm/node_modules/request/request.js:1219:14)
29 verbose stack     at Request.emit (events.js:129:20)
29 verbose stack     at IncomingMessage.<anonymous> (/usr/local/lib/node_modules/npm/node_modules/request/request.js:1167:12)
29 verbose stack     at IncomingMessage.emit (events.js:129:20)
29 verbose stack     at _stream_readable.js:908:16
29 verbose stack     at process._tickCallback (node.js:355:11)
30 verbose statusCode 404
31 verbose pkgid mogoose
32 verbose cwd /Users/zyg/Documents/nomiwan_animation_robot
33 error Darwin 14.3.0
34 error argv "node" "/usr/local/bin/npm" "install" "mogoose"
35 error node v0.12.4
36 error npm  v2.10.1
37 error code E404
38 error 404 Not Found: mogoose
38 error 404
38 error 404 'mogoose' is not in the npm registry.
38 error 404 You should bug the author to publish it (or use the name yourself!)
38 error 404 It was specified as a dependency of 'application-name'
38 error 404
38 error 404 Note that you can also install from a
38 error 404 tarball, folder, http url, or git url.
39 verbose exit [ 1, true ]
